c:\users\009614876\documents\visual studio 2012\projects\consoleapplication1\consoleapplication1\debug\commission.obj
c:\users\009614876\documents\visual studio 2012\projects\consoleapplication1\consoleapplication1\debug\employee.obj
c:\users\009614876\documents\visual studio 2012\projects\consoleapplication1\consoleapplication1\debug\hourly.obj
c:\users\009614876\documents\visual studio 2012\projects\consoleapplication1\consoleapplication1\debug\salary.obj
c:\users\009614876\documents\visual studio 2012\projects\consoleapplication1\consoleapplication1\debug\main.obj
c:\users\009614876\documents\visual studio 2012\projects\consoleapplication1\consoleapplication1\debug\vc110.pdb
c:\users\009614876\documents\visual studio 2012\projects\consoleapplication1\debug\consoleapplication1.ilk
c:\users\009614876\documents\visual studio 2012\projects\consoleapplication1\debug\consoleapplication1.exe
c:\users\009614876\documents\visual studio 2012\projects\consoleapplication1\debug\consoleapplication1.pdb
c:\users\cosi\documents\programming stuff\employeeproject\debug\vc140.pdb
c:\users\cosi\documents\programming stuff\employeeproject\debug\vc140.idb
c:\users\cosi\documents\programming stuff\employeeproject\debug\commission.obj
c:\users\cosi\documents\programming stuff\employeeproject\debug\employee.obj
c:\users\cosi\documents\programming stuff\employeeproject\debug\hourly.obj
c:\users\cosi\documents\programming stuff\employeeproject\debug\main.obj
c:\users\cosi\documents\programming stuff\employeeproject\debug\salary.obj
c:\users\cosi\documents\programming stuff\employeeproject\debug\consoleapplication1.ilk
c:\users\cosi\documents\programming stuff\employeeproject\debug\consoleapplication1.exe
c:\users\cosi\documents\programming stuff\employeeproject\debug\consoleapplication1.pdb
c:\users\cosi\documents\programming stuff\employeeproject\debug\cl.command.1.tlog
c:\users\cosi\documents\programming stuff\employeeproject\debug\cl.read.1.tlog
c:\users\cosi\documents\programming stuff\employeeproject\debug\cl.write.1.tlog
c:\users\cosi\documents\programming stuff\employeeproject\debug\link-cvtres.read.1.tlog
c:\users\cosi\documents\programming stuff\employeeproject\debug\link-cvtres.write.1.tlog
c:\users\cosi\documents\programming stuff\employeeproject\debug\link-rc.read.1.tlog
c:\users\cosi\documents\programming stuff\employeeproject\debug\link-rc.write.1.tlog
c:\users\cosi\documents\programming stuff\employeeproject\debug\link.command.1.tlog
c:\users\cosi\documents\programming stuff\employeeproject\debug\link.read.1.tlog
c:\users\cosi\documents\programming stuff\employeeproject\debug\link.write.1.tlog
c:\users\cosi\documents\programming stuff\employeeproject\debug\vc110.idb
c:\users\cosi\documents\programming stuff\employeeproject\debug\vc110.pdb
c:\users\cosi\documents\programming stuff\employeeproject\debug\consolea.990b7492.tlog\cl.command.1.tlog
c:\users\cosi\documents\programming stuff\employeeproject\debug\consolea.990b7492.tlog\cl.read.1.tlog
c:\users\cosi\documents\programming stuff\employeeproject\debug\consolea.990b7492.tlog\cl.write.1.tlog
c:\users\cosi\documents\programming stuff\employeeproject\debug\consolea.990b7492.tlog\link.command.1.tlog
c:\users\cosi\documents\programming stuff\employeeproject\debug\consolea.990b7492.tlog\link.read.1.tlog
c:\users\cosi\documents\programming stuff\employeeproject\debug\consolea.990b7492.tlog\link.write.1.tlog
